17-10-2023	 15:34:11 ------- /updatePayment/650416a4ea8195031283fc8-------PUT-------"Token is not valid" 
17-10-2023	 15:34:37 ------- /login-------POST-------"Wrong Password" 
17-10-2023	 15:34:40 ------- /login-------POST-------"Login Successfully" 
17-10-2023	 15:34:50 ------- /updatePayment/650416a4ea8195031283fc8-------PUT-------"Error Update Payment" 
17-10-2023	 15:39:22 ------- /register-------POST-------"Register Successfully User" 
17-10-2023	 15:41:16 ------- /login-------POST-------"Wrong User" 
17-10-2023	 15:41:19 ------- /login-------POST-------"Login Successfully" 
17-10-2023	 15:50:02 ------- /login-------POST-------"Login Successfully" 
17-10-2023	 15:50:32 ------- /updateRole/6505189022a0e5336d62548f-------PUT-------"You're not authenticated " 
17-10-2023	 16:08:12 ------- /getPost-------GET-------"Get Post Successfully" 
17-10-2023	 16:09:36 ------- /getPost-------GET-------"Get Post Successfully" 
17-10-2023	 16:10:50 ------- /getPost?3-------GET-------"Get Post Successfully" 
17-10-2023	 16:10:56 ------- /getPost?5-------GET-------"Get Post Successfully" 
17-10-2023	 16:11:01 ------- /getPost?1-------GET-------"Get Post Successfully" 
17-10-2023	 16:11:06 ------- /getPost?0-------GET-------"Get Post Successfully" 
17-10-2023	 16:11:10 ------- /getPost?-------GET-------"Get Post Successfully" 
17-10-2023	 16:11:17 ------- /getPost?9-------GET-------"Get Post Successfully" 
17-10-2023	 16:13:37 ------- /getUser?4-------GET-------"You're not authenticated " 
17-10-2023	 16:13:42 ------- /getUser?1-------GET-------"You're not authenticated " 
17-10-2023	 16:14:33 ------- /login-------POST-------"Login Successfully" 
17-10-2023	 16:14:43 ------- /getUser?1-------GET-------"Get User Succesfully" 
17-10-2023	 16:14:55 ------- /getUser?page=1-------GET-------"Get Page User Succesfully" 
17-10-2023	 16:15:00 ------- /getUser?page=5-------GET-------"Get Page User Succesfully" 
17-10-2023	 16:15:04 ------- /getUser?page=9-------GET-------"Get Page User Succesfully" 
17-10-2023	 16:16:45 ------- /getUser?page=0-------GET-------"Get Page User Succesfully" 
17-10-2023	 16:16:49 ------- /getUser?page=5-------GET-------"Get Page User Succesfully" 
17-10-2023	 16:16:55 ------- /getUser?page=4-------GET-------"Get Page User Succesfully" 
17-10-2023	 16:38:41 ------- /login-------POST-------"Login Successfully" 
17-10-2023	 16:39:17 ------- /updateUser/6505189022a0e5336d62548f-------PUT-------"Update User Succesfully" 
17-10-2023	 16:45:24 ------- /updateUser/6505189022a0e5336d62548-------PUT-------"Error Update User" 
17-10-2023	 16:45:38 ------- /updateUser/6505189022a0e5336d62548f-------PUT-------"Token is not valid" 
20-10-2023	 19:14:32 ------- /SearchByTitle/undefined-------GET-------"Search Post By Title Successfully" 
20-10-2023	 19:14:39 ------- /SearchByTitle/tuyen-------GET-------"Search Post By Title Successfully" 
20-10-2023	 19:18:53 ------- /getUser?page=0-------GET-------"You're not authenticated " 
